  LS.cpp
c:\users\ahu\desktop\scientificresearchtrainingprogram3.0\pvsa\defines.h(11): warning C4305: “初始化”: 从“double”到“float”截断
c:\users\ahu\desktop\scientificresearchtrainingprogram3.0\pvsa\defines.h(13): warning C4305: “初始化”: 从“double”到“float”截断
c:\users\ahu\desktop\scientificresearchtrainingprogram3.0\pvsa\defines.h(15): warning C4305: “初始化”: 从“double”到“float”截断
c:\users\ahu\desktop\scientificresearchtrainingprogram3.0\pvsa\defines.h(16): warning C4305: “初始化”: 从“double”到“float”截断
c:\users\ahu\desktop\scientificresearchtrainingprogram3.0\pvsa\ls.cpp(124): warning C4244: “参数”: 从“float”转换到“int”，可能丢失数据
c:\users\ahu\desktop\scientificresearchtrainingprogram3.0\pvsa\ls.cpp(124): warning C4244: “初始化”: 从“float”转换到“int”，可能丢失数据
c:\users\ahu\desktop\scientificresearchtrainingprogram3.0\pvsa\ls.cpp(133): warning C4244: “参数”: 从“float”转换到“int”，可能丢失数据
c:\users\ahu\desktop\scientificresearchtrainingprogram3.0\pvsa\ls.cpp(143): warning C4244: “=”: 从“float”转换到“int”，可能丢失数据
c:\users\ahu\desktop\scientificresearchtrainingprogram3.0\pvsa\ls.cpp(175): warning C4244: “参数”: 从“float”转换到“int”，可能丢失数据
c:\users\ahu\desktop\scientificresearchtrainingprogram3.0\pvsa\ls.cpp(185): warning C4244: “参数”: 从“float”转换到“int”，可能丢失数据
c:\users\ahu\desktop\scientificresearchtrainingprogram3.0\pvsa\ls.cpp(192): warning C4244: “参数”: 从“float”转换到“int”，可能丢失数据
c:\users\ahu\desktop\scientificresearchtrainingprogram3.0\pvsa\ls.cpp(195): warning C4244: “参数”: 从“float”转换到“int”，可能丢失数据
c:\users\ahu\desktop\scientificresearchtrainingprogram3.0\pvsa\ls.cpp(200): warning C4244: “=”: 从“int”转换到“float”，可能丢失数据
c:\users\ahu\desktop\scientificresearchtrainingprogram3.0\pvsa\ls.cpp(239): warning C4305: “初始化”: 从“__int64”到“float”截断
c:\users\ahu\desktop\scientificresearchtrainingprogram3.0\pvsa\ls.cpp(240): warning C4305: “初始化”: 从“__int64”到“float”截断
c:\users\ahu\desktop\scientificresearchtrainingprogram3.0\pvsa\ls.cpp(248): warning C4244: “=”: 从“float”转换到“int”，可能丢失数据
c:\users\ahu\desktop\scientificresearchtrainingprogram3.0\pvsa\ls.cpp(251): warning C4244: “=”: 从“int”转换到“float”，可能丢失数据
c:\users\ahu\desktop\scientificresearchtrainingprogram3.0\pvsa\ls.cpp(253): warning C4244: “参数”: 从“float”转换到“int”，可能丢失数据
c:\users\ahu\desktop\scientificresearchtrainingprogram3.0\pvsa\ls.cpp(253): warning C4244: “初始化”: 从“int”转换到“float”，可能丢失数据
c:\users\ahu\desktop\scientificresearchtrainingprogram3.0\pvsa\ls.cpp(260): warning C4244: “参数”: 从“float”转换到“int”，可能丢失数据
c:\users\ahu\desktop\scientificresearchtrainingprogram3.0\pvsa\ls.cpp(274): warning C4244: “参数”: 从“float”转换到“int”，可能丢失数据
c:\users\ahu\desktop\scientificresearchtrainingprogram3.0\pvsa\ls.cpp(276): warning C4244: “=”: 从“float”转换到“int”，可能丢失数据
c:\users\ahu\desktop\scientificresearchtrainingprogram3.0\pvsa\ls.cpp(324): warning C4244: “=”: 从“int”转换到“float”，可能丢失数据
c:\users\ahu\desktop\scientificresearchtrainingprogram3.0\pvsa\ls.cpp(325): warning C4244: “=”: 从“int”转换到“float”，可能丢失数据
  PVSA.cpp
c:\users\ahu\desktop\scientificresearchtrainingprogram3.0\pvsa\defines.h(11): warning C4305: “初始化”: 从“double”到“float”截断
c:\users\ahu\desktop\scientificresearchtrainingprogram3.0\pvsa\defines.h(13): warning C4305: “初始化”: 从“double”到“float”截断
c:\users\ahu\desktop\scientificresearchtrainingprogram3.0\pvsa\defines.h(15): warning C4305: “初始化”: 从“double”到“float”截断
c:\users\ahu\desktop\scientificresearchtrainingprogram3.0\pvsa\defines.h(16): warning C4305: “初始化”: 从“double”到“float”截断
c:\users\ahu\desktop\scientificresearchtrainingprogram3.0\pvsa\pvsa.cpp(89): warning C4244: “初始化”: 从“double”转换到“float”，可能丢失数据
c:\users\ahu\desktop\scientificresearchtrainingprogram3.0\pvsa\pvsa.cpp(178): warning C4244: “=”: 从“double”转换到“float”，可能丢失数据
c:\users\ahu\desktop\scientificresearchtrainingprogram3.0\pvsa\pvsa.cpp(224): warning C4244: “初始化”: 从“float”转换到“int”，可能丢失数据
c:\users\ahu\desktop\scientificresearchtrainingprogram3.0\pvsa\pvsa.cpp(225): warning C4244: “初始化”: 从“float”转换到“int”，可能丢失数据
c:\users\ahu\desktop\scientificresearchtrainingprogram3.0\pvsa\pvsa.cpp(234): warning C4244: “+=”: 从“float”转换到“int”，可能丢失数据
  functions.cpp
c:\users\ahu\desktop\scientificresearchtrainingprogram3.0\pvsa\defines.h(11): warning C4305: “初始化”: 从“double”到“float”截断
c:\users\ahu\desktop\scientificresearchtrainingprogram3.0\pvsa\defines.h(13): warning C4305: “初始化”: 从“double”到“float”截断
c:\users\ahu\desktop\scientificresearchtrainingprogram3.0\pvsa\defines.h(15): warning C4305: “初始化”: 从“double”到“float”截断
c:\users\ahu\desktop\scientificresearchtrainingprogram3.0\pvsa\defines.h(16): warning C4305: “初始化”: 从“double”到“float”截断
c:\users\ahu\desktop\scientificresearchtrainingprogram3.0\pvsa\functions.cpp(29): warning C4267: “初始化”: 从“size_t”转换到“int”，可能丢失数据
  正在生成代码...
c:\users\ahu\desktop\scientificresearchtrainingprogram3.0\pvsa\functions.cpp(444): warning C4715: “RWS”: 不是所有的控件路径都返回值
c:\users\ahu\desktop\scientificresearchtrainingprogram3.0\pvsa\functions.cpp(457): warning C4715: “selectFromNDS”: 不是所有的控件路径都返回值
c:\users\ahu\desktop\scientificresearchtrainingprogram3.0\pvsa\ls.cpp(80): warning C4715: “getEPC1”: 不是所有的控件路径都返回值
  PVSA.vcxproj -> C:\Users\ahu\Desktop\ScientificResearchTrainingProgram3.0\x64\Debug\PVSA.exe
